<?xml version="1.0" encoding="UTF-8"?>
<!-- Generated by org.testng.reporters.JUnitXMLReporter -->
<testsuite hostname="LAPTOP-78078BPG" ignored="0" name="Surefire test" tests="1" failures="1" timestamp="26 Sep 2022 07:45:15 GMT" time="24.294" errors="0">
  <testcase name="runScenario" time="20.655" classname="cucumber.api.testng.AbstractTestNGCucumberTests">
    <failure type="cucumber.runtime.CucumberException" message="There are undefined steps">
      <![CDATA[cucumber.runtime.CucumberException: There are undefined steps
at cucumber.api.testng.TestCaseResultListener.getError(TestCaseResultListener.java:56)
at cucumber.api.testng.TestNGCucumberRunner.runScenario(TestNGCucumberRunner.java:59)
at cucumber.api.testng.AbstractTestNGCucumberTests.runScenario(AbstractTestNGCucumberTests.java:22)
... Removed 30 stack frames]]>
    </failure>
  </testcase> <!-- runScenario -->
</testsuite> <!-- Surefire test -->
